[debug] [2020-06-23T16:20:22.351Z] ----------------------------------------------------------------------
[debug] [2020-06-23T16:20:22.355Z] Command:       /usr/local/bin/node /usr/local/bin/firebase init
[debug] [2020-06-23T16:20:22.355Z] CLI Version:   8.4.3
[debug] [2020-06-23T16:20:22.356Z] Platform:      darwin
[debug] [2020-06-23T16:20:22.356Z] Node Version:  v13.11.0
[debug] [2020-06-23T16:20:22.394Z] Time:          Tue Jun 23 2020 12:20:22 GMT-0400 (hora estándar de Chile)
[debug] [2020-06-23T16:20:22.394Z] ----------------------------------------------------------------------
[debug] [2020-06-23T16:20:22.394Z] 
[debug] [2020-06-23T16:20:22.468Z] > command requires scopes: ["email","openid","https://www.googleapis.com/auth/cloudplatformprojects.readonly","https://www.googleapis.com/auth/firebase","https://www.googleapis.com/auth/cloud-platform"]
[debug] [2020-06-23T16:20:22.469Z] > authorizing via signed-in user
[info] 
     ######## #### ########  ######## ########     ###     ######  ########
     ##        ##  ##     ## ##       ##     ##  ##   ##  ##       ##
     ######    ##  ########  ######   ########  #########  ######  ######
     ##        ##  ##    ##  ##       ##     ## ##     ##       ## ##
     ##       #### ##     ## ######## ########  ##     ##  ######  ########

You're about to initialize a Firebase project in this directory:

  /Users/carlarenee/Desktop/red/SCL013-social-network

Before we get started, keep in mind:

  * You are initializing in an existing Firebase project directory

